VirtualBox COM Server 5.2.36 r135684 win.amd64 (Feb 23 2020 13:36:23) release log
00:00:00.005983 main     Log opened 2021-10-29T02:40:38.036011000Z
00:00:00.005983 main     Build Type: release
00:00:00.005983 main     OS Product: Windows 10
00:00:00.005983 main     OS Release: 10.0.19041
00:00:00.005983 main     OS Service Pack: 
00:00:00.029919 main     DMI Product Name: HP Pavilion Laptop 15-cs1xxx
00:00:00.042883 main     DMI Product Version: Type1ProductConfigId
00:00:00.042883 main     Host RAM: 8079MB (7.8GB) total, 1101MB available
00:00:00.042883 main     Executable: C:\Program Files (x86)\Bignox\BigNoxVM\RT\NoxVMSVC.exe
00:00:00.042883 main     Process ID: 9408
00:00:00.042883 main     Package type: WINDOWS_64BITS_GENERIC (OSE)
00:00:00.122673          VirtualBox: object creation starts
00:00:00.123668          Home directory: 'C:\Users\PC\.BigNox'
00:00:00.123668          Installed Drivers:
00:00:00.129653            C:\Windows\system32\DRIVERS\VBoxUSBMon.sys (Version: 6.1.26.45957)
00:00:00.129653            C:\Windows\system32\DRIVERS\VBoxDrv.sys (Version: 6.1.26.45957)
00:00:00.131648            C:\Windows\system32\DRIVERS\VBoxNetAdp6.sys (Version: 6.1.26.45957)
00:00:00.142617          Loading settings file "C:\Users\PC\.BigNox\BigNoxVM.xml" with version "1.12-windows"
00:00:00.146606          usbLibGetDevices: Starting USB device enumeration
00:00:00.149607          Getting USB descriptor (id 0) failed (dwErr=31) on hub USB#ROOT_HUB30#4&56d8a77&0&0#{f18a0e88-c30c-11d0-8815-00a0c906bed8} port 3
00:00:00.149607          Getting USB descriptor (id 0) failed (dwErr=31) on hub USB#ROOT_HUB30#4&56d8a77&0&0#{f18a0e88-c30c-11d0-8815-00a0c906bed8} port 10
00:00:00.153589          usbLibGetDevices: Found 3 USB devices, 0 captured
00:00:00.153589          USB: Unknown USB device detected (idVendor: 0x05c8, idProduct: 0x03bc)
00:00:00.153589          USB: Unknown USB device detected (idVendor: 0x8087, idProduct: 0x0aaa)
00:00:00.184504          netIfGetBoundAdapters: could not find either 'oracle_VBoxNetLwf' or 'sun_VBoxNetFlt' components (0x1)
00:00:00.224410          HostDnsMonitor::updateInfo
00:00:00.224410          HostDnsMonitor: old information
00:00:00.224410            no server entries
00:00:00.224410            no domain set
00:00:00.224410            no search string entries
00:00:00.224410          HostDnsMonitor: new information
00:00:00.224410            server 1: 219.250.36.130
00:00:00.224410            server 2: 210.220.163.82
00:00:00.224410            no domain set
00:00:00.224410            no search string entries
00:00:00.225396          VD: VDInit finished with VINF_SUCCESS
00:00:00.226400          ERROR [COM]: aRC=E_FAIL (0x80004005) aIID={88888888-495e-5a36-8890-29999b5f030c} aComponent={SystemPropertiesWrap} aText={Cannot determine default Guest Additions ISO location. Most likely they are not available}, preserve=false aResultDetail=0
00:00:00.227390          Loading settings file "C:\Program Files (x86)\Nox\bin\data\base7\base7.vbox" with version "1.15-windows"
00:00:00.231389          Loading settings file "C:\Program Files (x86)\Nox\bin\BignoxVMS\nox\nox.vbox" with version "1.15-windows"
00:00:00.232378          VirtualBox: object created
00:00:00.415887          Saving settings file "C:\Program Files (x86)\Nox\bin\BignoxVMS\nox\nox.vbox" with version "1.15-windows"
00:00:00.495674          Saving settings file "C:\Program Files (x86)\Nox\bin\BignoxVMS\nox\nox.vbox" with version "1.15-windows"
00:00:00.567481          Saving settings file "C:\Program Files (x86)\Nox\bin\BignoxVMS\nox\nox.vbox" with version "1.15-windows"
00:00:00.624470          Saving settings file "C:\Program Files (x86)\Nox\bin\BignoxVMS\nox\nox.vbox" with version "1.15-windows"
00:00:00.678210          Saving settings file "C:\Program Files (x86)\Nox\bin\BignoxVMS\nox\nox.vbox" with version "1.15-windows"
00:00:00.730738          Saving settings file "C:\Program Files (x86)\Nox\bin\BignoxVMS\nox\nox.vbox" with version "1.15-windows"
00:00:00.782497          Saving settings file "C:\Program Files (x86)\Nox\bin\BignoxVMS\nox\nox.vbox" with version "1.15-windows"
00:00:00.891065          Saving settings file "C:\Program Files (x86)\Nox\bin\BignoxVMS\nox\nox.vbox" with version "1.15-windows"
00:00:00.944562          Saving settings file "C:\Program Files (x86)\Nox\bin\BignoxVMS\nox\nox.vbox" with version "1.15-windows"
00:00:01.002510          Saving settings file "C:\Program Files (x86)\Nox\bin\BignoxVMS\nox\nox.vbox" with version "1.15-windows"
00:00:01.079303          Saving settings file "C:\Program Files (x86)\Nox\bin\BignoxVMS\nox\nox.vbox" with version "1.15-windows"
00:00:01.138146          Saving settings file "C:\Program Files (x86)\Nox\bin\BignoxVMS\nox\nox.vbox" with version "1.15-windows"
00:00:01.189012          Saving settings file "C:\Program Files (x86)\Nox\bin\BignoxVMS\nox\nox.vbox" with version "1.15-windows"
00:00:01.247519          Saving settings file "C:\Program Files (x86)\Nox\bin\BignoxVMS\nox\nox.vbox" with version "1.15-windows"
00:00:01.341935          Saving settings file "C:\Program Files (x86)\Nox\bin\BignoxVMS\nox\nox.vbox" with version "1.15-windows"
00:00:01.502505          Saving settings file "C:\Program Files (x86)\Nox\bin\BignoxVMS\nox\nox.vbox" with version "1.15-windows"
00:00:01.748322          Saving settings file "C:\Program Files (x86)\Nox\bin\BignoxVMS\nox\nox.vbox" with version "1.15-windows"
00:00:01.869026          Saving settings file "C:\Program Files (x86)\Nox\bin\BignoxVMS\nox\nox.vbox" with version "1.15-windows"
00:00:02.281896          Saving settings file "C:\Program Files (x86)\Nox\bin\BignoxVMS\nox\nox.vbox" with version "1.15-windows"
00:00:24.811890          netIfGetBoundAdapters: could not find either 'oracle_VBoxNetLwf' or 'sun_VBoxNetFlt' components (0x1)
00:10:01.350439 dns-monitor HostDnsMonitor::updateInfo
00:10:01.351409 dns-monitor HostDnsMonitor: unchanged
00:25:01.441116 dns-monitor HostDnsMonitor::updateInfo
00:25:01.442587 dns-monitor HostDnsMonitor: unchanged
00:25:17.542050 dns-monitor HostDnsMonitor::updateInfo
00:25:17.543025 dns-monitor HostDnsMonitor: unchanged
00:40:01.645176 dns-monitor HostDnsMonitor::updateInfo
00:40:01.645176 dns-monitor HostDnsMonitor: unchanged
00:55:01.743369 dns-monitor HostDnsMonitor::updateInfo
00:55:01.743369 dns-monitor HostDnsMonitor: unchanged
01:10:01.833723 dns-monitor HostDnsMonitor::updateInfo
01:10:01.833723 dns-monitor HostDnsMonitor: unchanged
01:25:01.922742 dns-monitor HostDnsMonitor::updateInfo
01:25:01.922742 dns-monitor HostDnsMonitor: unchanged
01:25:18.018761 dns-monitor HostDnsMonitor::updateInfo
01:25:18.018761 dns-monitor HostDnsMonitor: unchanged
01:27:15.923468 USBPROXY usbLibGetDevices: Starting USB device enumeration
01:27:15.930300 USBPROXY Getting USB descriptor (id 0) failed (dwErr=31) on hub USB#ROOT_HUB30#4&56d8a77&0&0#{f18a0e88-c30c-11d0-8815-00a0c906bed8} port 3
01:27:15.931275 USBPROXY Getting USB descriptor (id 0) failed (dwErr=31) on hub USB#ROOT_HUB30#4&56d8a77&0&0#{f18a0e88-c30c-11d0-8815-00a0c906bed8} port 10
01:27:15.934203 USBPROXY usbLibGetDevices: Found 3 USB devices, 0 captured
01:40:02.070923 dns-monitor HostDnsMonitor::updateInfo
01:40:02.070923 dns-monitor HostDnsMonitor: unchanged
01:53:44.908840 USBPROXY usbLibGetDevices: Starting USB device enumeration
01:53:44.912742 USBPROXY Getting USB descriptor (id 0) failed (dwErr=31) on hub USB#ROOT_HUB30#4&56d8a77&0&0#{f18a0e88-c30c-11d0-8815-00a0c906bed8} port 3
01:53:44.912742 USBPROXY Getting USB descriptor (id 0) failed (dwErr=31) on hub USB#ROOT_HUB30#4&56d8a77&0&0#{f18a0e88-c30c-11d0-8815-00a0c906bed8} port 10
01:53:44.913719 USBPROXY usbLibGetDevices: Found 3 USB devices, 0 captured
01:55:02.177206 dns-monitor HostDnsMonitor::updateInfo
01:55:02.177206 dns-monitor HostDnsMonitor: unchanged
01:55:48.459214 USBPROXY usbLibGetDevices: Starting USB device enumeration
01:55:48.461166 USBPROXY Getting USB descriptor (id 0) failed (dwErr=31) on hub USB#ROOT_HUB30#4&56d8a77&0&0#{f18a0e88-c30c-11d0-8815-00a0c906bed8} port 3
01:55:48.462143 USBPROXY Getting USB descriptor (id 0) failed (dwErr=31) on hub USB#ROOT_HUB30#4&56d8a77&0&0#{f18a0e88-c30c-11d0-8815-00a0c906bed8} port 10
01:55:48.462143 USBPROXY usbLibGetDevices: Found 3 USB devices, 0 captured
02:10:02.265924 dns-monitor HostDnsMonitor::updateInfo
02:10:02.267842 dns-monitor HostDnsMonitor: unchanged
02:25:02.363691 dns-monitor HostDnsMonitor::updateInfo
02:25:02.363691 dns-monitor HostDnsMonitor: unchanged
02:25:17.450223 dns-monitor HostDnsMonitor::updateInfo
02:25:17.450223 dns-monitor HostDnsMonitor: unchanged
02:40:02.496016 dns-monitor HostDnsMonitor::updateInfo
02:40:02.496016 dns-monitor HostDnsMonitor: unchanged
02:55:02.578010 dns-monitor HostDnsMonitor::updateInfo
02:55:02.578986 dns-monitor HostDnsMonitor: unchanged
03:10:02.655125 dns-monitor HostDnsMonitor::updateInfo
03:10:02.656081 dns-monitor HostDnsMonitor: unchanged
03:25:02.748094 dns-monitor HostDnsMonitor::updateInfo
03:25:02.750047 dns-monitor HostDnsMonitor: unchanged
03:25:17.817426 dns-monitor HostDnsMonitor::updateInfo
03:25:17.817426 dns-monitor HostDnsMonitor: unchanged
03:40:02.898121 dns-monitor HostDnsMonitor::updateInfo
03:40:02.899066 dns-monitor HostDnsMonitor: unchanged
03:55:02.953008 dns-monitor HostDnsMonitor::updateInfo
03:55:02.953008 dns-monitor HostDnsMonitor: unchanged
04:10:03.045386 dns-monitor HostDnsMonitor::updateInfo
04:10:03.046362 dns-monitor HostDnsMonitor: unchanged
04:25:03.133140 dns-monitor HostDnsMonitor::updateInfo
04:25:03.134116 dns-monitor HostDnsMonitor: unchanged
04:25:18.206295 dns-monitor HostDnsMonitor::updateInfo
04:25:18.206295 dns-monitor HostDnsMonitor: unchanged
04:40:03.310009 dns-monitor HostDnsMonitor::updateInfo
04:40:03.311986 dns-monitor HostDnsMonitor: unchanged
04:50:18.106655 USBPROXY usbLibGetDevices: Starting USB device enumeration
04:50:18.114462 USBPROXY Getting USB descriptor (id 0) failed (dwErr=31) on hub USB#ROOT_HUB30#4&56d8a77&0&0#{f18a0e88-c30c-11d0-8815-00a0c906bed8} port 10
04:50:18.115439 USBPROXY usbLibGetDevices: Found 2 USB devices, 0 captured
04:55:02.383761 dns-monitor HostDnsMonitor::updateInfo
04:55:02.383761 dns-monitor HostDnsMonitor: unchanged
04:55:07.442476 USBPROXY usbLibGetDevices: Starting USB device enumeration
04:55:07.446384 USBPROXY Getting USB descriptor (id 0) failed (dwErr=31) on hub USB#ROOT_HUB30#4&56d8a77&0&0#{f18a0e88-c30c-11d0-8815-00a0c906bed8} port 10
04:55:07.446384 USBPROXY usbLibGetDevices: Found 2 USB devices, 0 captured
04:57:00.459069 USBPROXY usbLibGetDevices: Starting USB device enumeration
04:57:00.461021 USBPROXY Getting USB descriptor (id 0) failed (dwErr=31) on hub USB#ROOT_HUB30#4&56d8a77&0&0#{f18a0e88-c30c-11d0-8815-00a0c906bed8} port 3
04:57:00.461021 USBPROXY Getting USB descriptor (id 0) failed (dwErr=31) on hub USB#ROOT_HUB30#4&56d8a77&0&0#{f18a0e88-c30c-11d0-8815-00a0c906bed8} port 10
04:57:00.461021 USBPROXY usbLibGetDevices: Found 3 USB devices, 0 captured
05:00:51.774597          Saving settings file "C:\Program Files (x86)\Nox\bin\BignoxVMS\nox\nox.vbox" with version "1.15-windows"
05:00:57.241352 main     VirtualBox: object deletion starts
05:00:57.242646 main     ERROR [COM]: aRC=VBOX_E_OBJECT_IN_USE (0x80bb000c) aIID={88888888-43e0-e9d0-82e8-ceb307940dda} aComponent={MediumWrap} aText={Medium 'C:\Program Files (x86)\Nox\bin\data\base7\Snapshots/{ed7d9979-aeb6-4484-9317-731c3230702c}.vmdk' cannot be closed because it is still attached to 1 virtual machines}, preserve=false aResultDetail=0
05:00:57.246178 main     ERROR [COM]: aRC=VBOX_E_OBJECT_IN_USE (0x80bb000c) aIID={88888888-43e0-e9d0-82e8-ceb307940dda} aComponent={MediumWrap} aText={Medium 'C:\Program Files (x86)\Nox\bin\BignoxVMS\nox\Snapshots\{2ff9f997-245b-4b70-b1c7-278d0c02c2d5}.vmdk' cannot be closed because it is still attached to 1 virtual machines}, preserve=false aResultDetail=0
05:00:57.246178 main     ERROR [COM]: aRC=VBOX_E_OBJECT_IN_USE (0x80bb000c) aIID={88888888-43e0-e9d0-82e8-ceb307940dda} aComponent={MediumWrap} aText={Medium 'C:\Program Files (x86)\Nox\bin\data\base7\base7-disk1.vmdk' cannot be closed because it is still attached to 1 virtual machines}, preserve=false aResultDetail=0
05:00:57.248600 main     ERROR [COM]: aRC=VBOX_E_OBJECT_IN_USE (0x80bb000c) aIID={88888888-43e0-e9d0-82e8-ceb307940dda} aComponent={MediumWrap} aText={Medium 'C:\Program Files (x86)\Nox\bin\BignoxVMS\nox\nox-disk2.vmdk' cannot be closed because it is still attached to 1 virtual machines}, preserve=false aResultDetail=0
05:00:57.256181 Watcher  ERROR [COM]: aRC=E_ACCESSDENIED (0x80070005) aIID={88888888-f1a1-448a-10c5-e12f5285adad} aComponent={VirtualBoxWrap} aText={The object is not ready}, preserve=false aResultDetail=0
05:00:57.257399 main     VirtualBox: object deleted
